<?xml version="1.0" encoding="UTF-8"?>
<!-- Generated by org.testng.reporters.JUnitXMLReporter -->
<testsuite ignored="3" hostname="LAPTOP-1MDBC8FC" failures="0" tests="2" name="Test" time="5.854" errors="0" timestamp="2024-02-15T14:31:09 IST">
  <testcase classname="com.OrgModule.P2Test" name="a1" time="0.01"/>
  <testcase classname="com.OrgModule.p1Test" name="a" time="0.001"/>
  <testcase classname="com.OrgModule.P3Test" name="g" time="0.0">
    <ignored/>
  </testcase> <!-- g -->
  <testcase classname="com.OrgModule.P2Test" name="aa" time="0.0">
    <ignored/>
  </testcase> <!-- aa -->
  <testcase classname="com.OrgModule.p1Test" name="b" time="0.0">
    <ignored/>
  </testcase> <!-- b -->
</testsuite> <!-- Test -->
